Ken
Ana
Robert
Jacqueline
David
Wayne
Helen
Rosie
Suzanne
Mathew
Yvonne
Pamela
Stephen
Doug
Elizabeth
Kelly
Carlos
Gary
Christina
Joe
Jan
Margarita
Edwin
Ramona
Betty
Tony
Kermit
Leonor
Debra
Herman
Kim
Patricia
William
Lizzie
Edward
James
Marie
Mark
Noelle
Lawrence
Freddy
Julie
Ellen
Mary
Tisha
Ida
Rebecca
Ronda
Joyce
Chad
Charlie
Brad
Harold
Trevor
Maurine
Holly
Lacy
Alan
Jack
Edith
Melanie
Reyna
Paul
Jorge
Bertha
Winifred
Cindy
Julianne
Lorene
Henry
Kyla
Astrid
Ashly
Elsie
Mildred
Marlene
Fritz
June
Hattie
Iris
Marcus
Booker
Kenneth
Joseph
Jake
Susan
Mattie
Thomas
Diana
Eddie
Billy
Steven
Andy
Irma
Heather
Christie
Frances
Librada
Sean
Sherrie
Edna
Ronald
Corie
Lori
Stacy
Christopher
Lewis
Teresa
Jennifer
Marilyn
Gretchen
Raymond
Sara
Jimmie
Jacob
Ruth
Maria
Denisha
Vincent
Neal
Kristina
Rita
Nelda
Ann
Jeannine
Virginia
Howard
Kathleen
Carol
Dorothy
Iva
Jessica
Larry
Kay
Rosetta
Michael
Esther
Barbara
Liza
Amy
Hope
Sandra
Dudley
Monty
Sam
Cathy
Rachel
Richard
Frank
Anita
Jeremy
Wanda
Ali
Allen
Joey
Angie
Valerie
Norman
George
Terry
Johanna
Michele
Ronnie
Laura
Lenora
Troy
Hector
Jean
Jim
Louise
Rosa
Donna
Keith
Valencia
Kathryn
Marian
Marc
Leticia
Samuel
Audrey
Verna
Chester
German
Denise
Willie
Steve
Lois
John
Nina
Theresa
Gina
Sally
Carmen
Blanche
Gloria
Rocky
Anna
Leona
Charles
Timothy
