Gary
Garland
Jane
Beatrice
Margaret
Vito
Jodi
Joseph
Jacob
Dan
John
Nancy
Beverly
Sarah
Robert
James
Thomas
Jillian
Willie
Ada
Clifton
Michael
Misty
Frank
Ingeborg
Justin
Darrell
Christopher
Ian
Ashton
Maria
Lester
Elizabeth
Matthew
Carla
Elia
Brandon
Billy
Ricky
Billie
Nora
Bruce
Irma
Vanessa
Gonzalo
Harold
Everett
Christina
Connie
Hannah
Esther
Tom
Ronald
William
Amanda
Richard
Tracey
Barbara
Sara
Edna
Erin
Evelyn
Debra
David
Philip
Raymond
Dorothy
Jennifer
Lewis
Shirley
Edward
Eleanor
Timothy
Angela
Curtis
Alene
Gladys
Alfred
Roy
Della
George
Jonathan
Sandra
Patricia
Felipe
Mattie
Jill
Denise
Mary
Shameka
