Calvin
Christopher
Jennifer
Melissa
Casey
Daniela
Helen
Jimmy
Joseph
Peter
Kristen
Timothy
James
Ricardo
Carl
Loretta
Travis
Jasmine
Sabrina
Charlotte
Taylor
Andrew
Virginia
Dave
Alexis
Peggy
Terry
Lindsay
Tiffany
Aurora
Karen
Ruth
Earl
Laura
Antonio
Ruby
Renee
Lisa
Dan
Robert
Josie
Dorothy
Bonnie
Keith
Anthony
Lola
Raymond
Janice
Jessica
Lori
Randall
Janelle
Shirley
Mae
Mitzi
Marlene
Craig
Ellen
John
Charity
Douglas
Margaret
Linda
Dolores
Rebecca
Theodore
Harold
Ernest
Pamela
Duane
Joel
Mary
Belinda
Patricia
Diana
Quincy
Katie
Richard
Deirdre
Dawn
Kip
Stanley
Maria
Louise
Mason
Ryan
Janet
Joyce
Jerry
Jessie
Maude
Jimmie
Phyllis
Carey
Warren
Joe
Christy
Lionel
Barbara
Albert
