Willie
Al
Marty
Sabrina
Rhonda
Charlie
Dona
Jessie
Larry
Allison
Alfred
Kathleen
Donald
Nina
Micah
Tina
Miguel
Steve
Benny
Scott
Deborah
Richard
Brian
Julian
Kristin
Dennis
Shauna
Kenneth
Lula
Forrest
Jesus
Jeanne
Jean
Daniel
Amy
Sheree
Michell
Susan
Ruth
Patricia
Gary
Robert
Sam
Clarice
Catherine
Henry
James
Walter
Christopher
Paulette
Fred
Russell
Michael
Anna
Jordan
Claire
Sheryl
Peter
Shirley
Essie
Tara
Thelma
David
Bonnie
Mable
Lana
Duane
Geneva
Eduardo
Lorie
Tamara
George
Grace
Newton
Austin
Kermit
Jerry
Veronica
Mabel
Diane
Amanda
Yvette
Karla
Nickolas
Jose
Carlos
Lois
Jeremy
Hattie
Wayne
Cherilyn
Angel
Sylvia
Ethel
Gertrude
Dustin
Carla
Marjorie
Dora
Rosemary
Ryan
Cheryl
Lakeshia
Edna
Christina
Mary
Thomas
Yoshiko
Rose
Joseph
Samuel
Anthony
Kristen
Ronald
Gina
John
Debra
Vincent
Edward
William
Norma
Leroy
Cherie
Megan
Bettie
Stacie
Bobby
Robin
Wendy
Sherri
