Charles
Harry
Cindy
Adelia
Hyacinth
Leslie
Thomas
Louie
Jody
Andrew
Zelda
Shauna
Bernard
David
Robert
Renee
Benjamin
Geoffrey
Lucille
Jacques
Alex
Roger
Lillian
Wayne
Lani
Brian
Denise
Irma
Nancy
Shirley
Rivka
Eric
Soon
Mindy
Donald
Lisa
John
Albert
Cheryl
Janie
Florence
Sean
Jaclyn
Maria
Julie
Tianna
Cecil
Willie
Reggie
Ayesha
Hilda
Ruth
Carlene
Bob
Wilbur
Celia
Stephen
Sheila
Dorothy
Irene
Leo
Timothy
Krista
Tammy
Rachael
Jennifer
Laurence
Deborah
Milton
Krystal
Carrie
Brandon
Jacquelyn
James
Numbers
Joseph
Shawn
Matthew
Wendy
Vicky
Melvin
Elizabeth
Michael
Victoria
Cynthia
Caron
Jessie
Ida
Patricia
Gabriel
Frank
Brady
Jesse
Jill
Paige
Larry
Kevin
Joann
Maisie
Katie
Sylvia
Karen
Nicholas
Meghan
Bethany
William
Jeremy
Delorse
Helen
Marion
Debra
Nelly
Johnson
Elvira
Joan
Stanley
Scott
Cecilia
Edwin
Micheal
Megan
Linette
Paul
Richard
Gloria
Tom
Olga
Mary
Janet
Donna
Derek
Dennis
Margaret
Jackie
Charlie
Damion
Christopher
Betty
Harley
Philip
Adalberto
Eddie
Sandra
Stacey
Rose
Anthony
Christy
Catherine
Judith
Onie
Ramon
Eva
Bruce
Leticia
Simon
Glenn
Jason
Jeffrey
Lorena
Lee
