Diana
Jacob
Dorothy
Bertha
Carolyn
Elisabeth
Anthony
Ricky
Elizabeth
Rosemary
Bruce
Carole
Leon
Laura
Tim
Glenda
Elias
Cynthia
Raymond
Ignacio
Kenneth
Melvin
Dustin
Linda
Caroline
Carmen
Joanne
Edna
Marcus
Quentin
Joel
Laurence
Bert
Brianne
Gertrude
Jazmine
Willie
Terrie
Gary
Bernard
Kurt
Karon
Emily
Odelia
Seth
Annette
Daniel
Jeffrey
Wiley
Alexander
Tanya
Cassandra
Matthew
Teresa
Antonette
Anna
John
Lucy
Felicia
Dana
Roy
Adolfo
Jacqueline
Lori
Marianne
Kitty
Olive
Gabriel
Charles
Joseph
Robert
Evie
Sharon
Julia
Alex
Amanda
Harold
Nathan
Phillip
Edward
Walter
Brandy
Donna
Cody
Barbara
Clifford
Susan
Josephine
Lonnie
Laurie
Michael
James
Frank
Kathleen
Paul
Billie
Gloria
Robin
Edith
Suzanne
Dolores
Keith
Josefina
Maximo
Carl
Anne
Bridget
William
Tracey
Dan
Jesse
Crystal
Harriet
Mike
Deborah
Ralph
Kimberly
Tony
Debra
Ronald
Annie
Richard
Pamela
Russell
David
Ira
Wanda
Kathy
Leo
Beryl
Emil
Curtis
Margie
Rosemarie
Janet
Mario
Judith
Julius
Judy
Joan
Cathleen
Barry
Mary
Brian
Tina
Sarah
Tomas
Patricia
Ann
Nilsa
Larry
Nancy
Dora
Juanita
Wendell
Micheal
Martha
Rebecca
Kris
Chris
Amy
Elsie
Isabel
Kelvin
Lila
Lannie
Melissa
Virginia
Melody
Scott
Jayne
Clarence
Alan
Michelle
Thomas
Connie
Joey
Irene
Carol
Dorthy
